<?xml version="1.0" encoding="UTF-8"?>
<!-- Generated by org.testng.reporters.JUnitReportReporter -->
<testsuite skipped="0" hostname="YuvrajR.local" name="com.Baseclass" tests="1" failures="0" timestamp="13 Aug 2019 10:10:29 GMT" time="43.837" errors="0">
  <testcase name="applaunch" time="43.837" classname="com.Baseclass"/>
</testsuite> <!-- com.Baseclass -->
