<?xml version="1.0" encoding="UTF-8"?>
<!-- Generated by org.testng.reporters.JUnitReportReporter -->
<testsuite skipped="0" hostname="YuvrajR.local" name="com.Baseclass" tests="1" failures="0" timestamp="12 Aug 2019 14:06:47 GMT" time="11.636" errors="0">
  <testcase name="applaunch" time="11.636" classname="com.Baseclass"/>
</testsuite> <!-- com.Baseclass -->
