<?xml version="1.0" encoding="UTF-8"?>
<testsuite xmlns:xsi="http://www.w3.org/2001/XMLSchema-instance" xsi:noNamespaceSchemaLocation="https://maven.apache.org/surefire/maven-surefire-plugin/xsd/surefire-test-report.xsd" name="TestSuite" time="160.884" tests="7" errors="0" skipped="0" failures="5">
  <properties>
    <property name="gopherProxySet" value="false"/>
    <property name="awt.toolkit" value="sun.lwawt.macosx.LWCToolkit"/>
    <property name="file.encoding.pkg" value="sun.io"/>
    <property name="java.specification.version" value="1.8"/>
    <property name="sun.cpu.isalist" value=""/>
    <property name="sun.jnu.encoding" value="UTF-8"/>
    <property name="java.class.path" value="/Users/yuvraj.rajput/Desktop/Yuvraj/Simform work/Automation/Learning/Hopscotch/Hopscotch_Keyworddriven/target/test-classes:/Users/yuvraj.rajput/Desktop/Yuvraj/Simform work/Automation/Learning/Hopscotch/Hopscotch_Keyworddriven/target/classes:/Users/yuvraj.rajput/.m2/repository/org/seleniumhq/selenium/selenium-java/3.141.59/selenium-java-3.141.59.jar:/Users/yuvraj.rajput/.m2/repository/org/seleniumhq/selenium/selenium-api/3.141.59/selenium-api-3.141.59.jar:/Users/yuvraj.rajput/.m2/repository/org/seleniumhq/selenium/selenium-chrome-driver/3.141.59/selenium-chrome-driver-3.141.59.jar:/Users/yuvraj.rajput/.m2/repository/org/seleniumhq/selenium/selenium-edge-driver/3.141.59/selenium-edge-driver-3.141.59.jar:/Users/yuvraj.rajput/.m2/repository/org/seleniumhq/selenium/selenium-firefox-driver/3.141.59/selenium-firefox-driver-3.141.59.jar:/Users/yuvraj.rajput/.m2/repository/org/seleniumhq/selenium/selenium-ie-driver/3.141.59/selenium-ie-driver-3.141.59.jar:/Users/yuvraj.rajput/.m2/repository/org/seleniumhq/selenium/selenium-opera-driver/3.141.59/selenium-opera-driver-3.141.59.jar:/Users/yuvraj.rajput/.m2/repository/org/seleniumhq/selenium/selenium-remote-driver/3.141.59/selenium-remote-driver-3.141.59.jar:/Users/yuvraj.rajput/.m2/repository/org/seleniumhq/selenium/selenium-safari-driver/3.141.59/selenium-safari-driver-3.141.59.jar:/Users/yuvraj.rajput/.m2/repository/org/seleniumhq/selenium/selenium-support/3.141.59/selenium-support-3.141.59.jar:/Users/yuvraj.rajput/.m2/repository/net/bytebuddy/byte-buddy/1.8.15/byte-buddy-1.8.15.jar:/Users/yuvraj.rajput/.m2/repository/org/apache/commons/commons-exec/1.3/commons-exec-1.3.jar:/Users/yuvraj.rajput/.m2/repository/com/google/guava/guava/25.0-jre/guava-25.0-jre.jar:/Users/yuvraj.rajput/.m2/repository/com/google/code/findbugs/jsr305/1.3.9/jsr305-1.3.9.jar:/Users/yuvraj.rajput/.m2/repository/org/checkerframework/checker-compat-qual/2.0.0/checker-compat-qual-2.0.0.jar:/Users/yuvraj.rajput/.m2/repository/com/google/errorprone/error_prone_annotations/2.1.3/error_prone_annotations-2.1.3.jar:/Users/yuvraj.rajput/.m2/repository/com/google/j2objc/j2objc-annotations/1.1/j2objc-annotations-1.1.jar:/Users/yuvraj.rajput/.m2/repository/org/codehaus/mojo/animal-sniffer-annotations/1.14/animal-sniffer-annotations-1.14.jar:/Users/yuvraj.rajput/.m2/repository/com/squareup/okhttp3/okhttp/3.11.0/okhttp-3.11.0.jar:/Users/yuvraj.rajput/.m2/repository/com/squareup/okio/okio/1.14.0/okio-1.14.0.jar:/Users/yuvraj.rajput/.m2/repository/org/apache/poi/poi/4.0.1/poi-4.0.1.jar:/Users/yuvraj.rajput/.m2/repository/commons-codec/commons-codec/1.11/commons-codec-1.11.jar:/Users/yuvraj.rajput/.m2/repository/org/apache/commons/commons-collections4/4.2/commons-collections4-4.2.jar:/Users/yuvraj.rajput/.m2/repository/org/apache/commons/commons-math3/3.6.1/commons-math3-3.6.1.jar:/Users/yuvraj.rajput/.m2/repository/org/apache/poi/poi-ooxml/3.9/poi-ooxml-3.9.jar:/Users/yuvraj.rajput/.m2/repository/org/apache/poi/poi-ooxml-schemas/3.9/poi-ooxml-schemas-3.9.jar:/Users/yuvraj.rajput/.m2/repository/org/apache/xmlbeans/xmlbeans/2.3.0/xmlbeans-2.3.0.jar:/Users/yuvraj.rajput/.m2/repository/stax/stax-api/1.0.1/stax-api-1.0.1.jar:/Users/yuvraj.rajput/.m2/repository/dom4j/dom4j/1.6.1/dom4j-1.6.1.jar:/Users/yuvraj.rajput/.m2/repository/xml-apis/xml-apis/1.0.b2/xml-apis-1.0.b2.jar:/Users/yuvraj.rajput/.m2/repository/org/seleniumhq/selenium/selenium-server/3.141.59/selenium-server-3.141.59.jar:/Users/yuvraj.rajput/.m2/repository/com/beust/jcommander/1.72/jcommander-1.72.jar:/Users/yuvraj.rajput/.m2/repository/net/jcip/jcip-annotations/1.0/jcip-annotations-1.0.jar:/Users/yuvraj.rajput/.m2/repository/org/seleniumhq/selenium/jetty-repacked/9.4.12.v20180830/jetty-repacked-9.4.12.v20180830.jar:/Users/yuvraj.rajput/.m2/repository/javax/servlet/javax.servlet-api/3.1.0/javax.servlet-api-3.1.0.jar:/Users/yuvraj.rajput/.m2/repository/org/yaml/snakeyaml/1.19/snakeyaml-1.19.jar:/Users/yuvraj.rajput/.m2/repository/org/testng/testng/6.14.3/testng-6.14.3.jar:/Users/yuvraj.rajput/.m2/repository/org/apache-extras/beanshell/bsh/2.0b6/bsh-2.0b6.jar:/Users/yuvraj.rajput/.m2/repository/io/appium/java-client/7.0.0/java-client-7.0.0.jar:/Users/yuvraj.rajput/.m2/repository/com/google/code/gson/gson/2.8.5/gson-2.8.5.jar:/Users/yuvraj.rajput/.m2/repository/org/apache/httpcomponents/httpclient/4.5.6/httpclient-4.5.6.jar:/Users/yuvraj.rajput/.m2/repository/org/apache/httpcomponents/httpcore/4.4.10/httpcore-4.4.10.jar:/Users/yuvraj.rajput/.m2/repository/commons-logging/commons-logging/1.2/commons-logging-1.2.jar:/Users/yuvraj.rajput/.m2/repository/cglib/cglib/3.2.8/cglib-3.2.8.jar:/Users/yuvraj.rajput/.m2/repository/org/ow2/asm/asm/6.2.1/asm-6.2.1.jar:/Users/yuvraj.rajput/.m2/repository/org/apache/ant/ant/1.10.3/ant-1.10.3.jar:/Users/yuvraj.rajput/.m2/repository/org/apache/ant/ant-launcher/1.10.3/ant-launcher-1.10.3.jar:/Users/yuvraj.rajput/.m2/repository/commons-validator/commons-validator/1.6/commons-validator-1.6.jar:/Users/yuvraj.rajput/.m2/repository/commons-beanutils/commons-beanutils/1.9.2/commons-beanutils-1.9.2.jar:/Users/yuvraj.rajput/.m2/repository/commons-digester/commons-digester/1.8.1/commons-digester-1.8.1.jar:/Users/yuvraj.rajput/.m2/repository/commons-collections/commons-collections/3.2.2/commons-collections-3.2.2.jar:/Users/yuvraj.rajput/.m2/repository/org/apache/commons/commons-lang3/3.8/commons-lang3-3.8.jar:/Users/yuvraj.rajput/.m2/repository/commons-io/commons-io/2.6/commons-io-2.6.jar:/Users/yuvraj.rajput/.m2/repository/org/springframework/spring-context/5.1.0.RELEASE/spring-context-5.1.0.RELEASE.jar:/Users/yuvraj.rajput/.m2/repository/org/springframework/spring-aop/5.1.0.RELEASE/spring-aop-5.1.0.RELEASE.jar:/Users/yuvraj.rajput/.m2/repository/org/springframework/spring-beans/5.1.0.RELEASE/spring-beans-5.1.0.RELEASE.jar:/Users/yuvraj.rajput/.m2/repository/org/springframework/spring-core/5.1.0.RELEASE/spring-core-5.1.0.RELEASE.jar:/Users/yuvraj.rajput/.m2/repository/org/springframework/spring-jcl/5.1.0.RELEASE/spring-jcl-5.1.0.RELEASE.jar:/Users/yuvraj.rajput/.m2/repository/org/springframework/spring-expression/5.1.0.RELEASE/spring-expression-5.1.0.RELEASE.jar:/Users/yuvraj.rajput/.m2/repository/org/aspectj/aspectjweaver/1.9.1/aspectjweaver-1.9.1.jar:/Users/yuvraj.rajput/.m2/repository/org/slf4j/slf4j-api/1.7.25/slf4j-api-1.7.25.jar:/Users/yuvraj.rajput/.m2/repository/com/relevantcodes/extentreports/2.41.2/extentreports-2.41.2.jar:/Users/yuvraj.rajput/.m2/repository/org/jsoup/jsoup/1.8.3/jsoup-1.8.3.jar:/Users/yuvraj.rajput/.m2/repository/org/xerial/sqlite-jdbc/3.8.11.1/sqlite-jdbc-3.8.11.1.jar:/Users/yuvraj.rajput/.m2/repository/org/freemarker/freemarker/2.3.23/freemarker-2.3.23.jar:/Users/yuvraj.rajput/.m2/repository/org/mongodb/mongodb-driver/3.0.4/mongodb-driver-3.0.4.jar:/Users/yuvraj.rajput/.m2/repository/org/mongodb/bson/3.0.4/bson-3.0.4.jar:/Users/yuvraj.rajput/.m2/repository/org/mongodb/mongodb-driver-core/3.0.4/mongodb-driver-core-3.0.4.jar:/Users/yuvraj.rajput/.m2/repository/javax/mail/mail/1.4/mail-1.4.jar:/Users/yuvraj.rajput/.m2/repository/javax/activation/activation/1.1/activation-1.1.jar:/Users/yuvraj.rajput/.m2/repository/org/apache/maven/surefire/surefire-testng-utils/2.21.0/surefire-testng-utils-2.21.0.jar:/Users/yuvraj.rajput/.m2/repository/org/apache/maven/surefire/surefire-grouper/2.21.0/surefire-grouper-2.21.0.jar:"/>
    <property name="java.vm.vendor" value="Oracle Corporation"/>
    <property name="sun.arch.data.model" value="64"/>
    <property name="java.vendor.url" value="http://java.oracle.com/"/>
    <property name="user.timezone" value=""/>
    <property name="java.vm.specification.version" value="1.8"/>
    <property name="os.name" value="Mac OS X"/>
    <property name="user.country" value="IN"/>
    <property name="sun.java.launcher" value="SUN_STANDARD"/>
    <property name="sun.boot.library.path" value="/Library/Java/JavaVirtualMachines/jdk1.8.0_192.jdk/Contents/Home/jre/lib"/>
    <property name="sun.java.command" value="/Users/yuvraj.rajput/Desktop/Yuvraj/Simform work/Automation/Learning/Hopscotch/Hopscotch_Keyworddriven/target/surefire/surefirebooter81011440809702913.jar /Users/yuvraj.rajput/Desktop/Yuvraj/Simform work/Automation/Learning/Hopscotch/Hopscotch_Keyworddriven/target/surefire 2019-08-14T18-48-40_576-jvmRun1 surefire1859732143036390826tmp surefire_03409271514882441857tmp"/>
    <property name="http.nonProxyHosts" value="local|*.local|169.254/16|*.169.254/16"/>
    <property name="surefire.test.class.path" value="/Users/yuvraj.rajput/Desktop/Yuvraj/Simform work/Automation/Learning/Hopscotch/Hopscotch_Keyworddriven/target/test-classes:/Users/yuvraj.rajput/Desktop/Yuvraj/Simform work/Automation/Learning/Hopscotch/Hopscotch_Keyworddriven/target/classes:/Users/yuvraj.rajput/.m2/repository/org/seleniumhq/selenium/selenium-java/3.141.59/selenium-java-3.141.59.jar:/Users/yuvraj.rajput/.m2/repository/org/seleniumhq/selenium/selenium-api/3.141.59/selenium-api-3.141.59.jar:/Users/yuvraj.rajput/.m2/repository/org/seleniumhq/selenium/selenium-chrome-driver/3.141.59/selenium-chrome-driver-3.141.59.jar:/Users/yuvraj.rajput/.m2/repository/org/seleniumhq/selenium/selenium-edge-driver/3.141.59/selenium-edge-driver-3.141.59.jar:/Users/yuvraj.rajput/.m2/repository/org/seleniumhq/selenium/selenium-firefox-driver/3.141.59/selenium-firefox-driver-3.141.59.jar:/Users/yuvraj.rajput/.m2/repository/org/seleniumhq/selenium/selenium-ie-driver/3.141.59/selenium-ie-driver-3.141.59.jar:/Users/yuvraj.rajput/.m2/repository/org/seleniumhq/selenium/selenium-opera-driver/3.141.59/selenium-opera-driver-3.141.59.jar:/Users/yuvraj.rajput/.m2/repository/org/seleniumhq/selenium/selenium-remote-driver/3.141.59/selenium-remote-driver-3.141.59.jar:/Users/yuvraj.rajput/.m2/repository/org/seleniumhq/selenium/selenium-safari-driver/3.141.59/selenium-safari-driver-3.141.59.jar:/Users/yuvraj.rajput/.m2/repository/org/seleniumhq/selenium/selenium-support/3.141.59/selenium-support-3.141.59.jar:/Users/yuvraj.rajput/.m2/repository/net/bytebuddy/byte-buddy/1.8.15/byte-buddy-1.8.15.jar:/Users/yuvraj.rajput/.m2/repository/org/apache/commons/commons-exec/1.3/commons-exec-1.3.jar:/Users/yuvraj.rajput/.m2/repository/com/google/guava/guava/25.0-jre/guava-25.0-jre.jar:/Users/yuvraj.rajput/.m2/repository/com/google/code/findbugs/jsr305/1.3.9/jsr305-1.3.9.jar:/Users/yuvraj.rajput/.m2/repository/org/checkerframework/checker-compat-qual/2.0.0/checker-compat-qual-2.0.0.jar:/Users/yuvraj.rajput/.m2/repository/com/google/errorprone/error_prone_annotations/2.1.3/error_prone_annotations-2.1.3.jar:/Users/yuvraj.rajput/.m2/repository/com/google/j2objc/j2objc-annotations/1.1/j2objc-annotations-1.1.jar:/Users/yuvraj.rajput/.m2/repository/org/codehaus/mojo/animal-sniffer-annotations/1.14/animal-sniffer-annotations-1.14.jar:/Users/yuvraj.rajput/.m2/repository/com/squareup/okhttp3/okhttp/3.11.0/okhttp-3.11.0.jar:/Users/yuvraj.rajput/.m2/repository/com/squareup/okio/okio/1.14.0/okio-1.14.0.jar:/Users/yuvraj.rajput/.m2/repository/org/apache/poi/poi/4.0.1/poi-4.0.1.jar:/Users/yuvraj.rajput/.m2/repository/commons-codec/commons-codec/1.11/commons-codec-1.11.jar:/Users/yuvraj.rajput/.m2/repository/org/apache/commons/commons-collections4/4.2/commons-collections4-4.2.jar:/Users/yuvraj.rajput/.m2/repository/org/apache/commons/commons-math3/3.6.1/commons-math3-3.6.1.jar:/Users/yuvraj.rajput/.m2/repository/org/apache/poi/poi-ooxml/3.9/poi-ooxml-3.9.jar:/Users/yuvraj.rajput/.m2/repository/org/apache/poi/poi-ooxml-schemas/3.9/poi-ooxml-schemas-3.9.jar:/Users/yuvraj.rajput/.m2/repository/org/apache/xmlbeans/xmlbeans/2.3.0/xmlbeans-2.3.0.jar:/Users/yuvraj.rajput/.m2/repository/stax/stax-api/1.0.1/stax-api-1.0.1.jar:/Users/yuvraj.rajput/.m2/repository/dom4j/dom4j/1.6.1/dom4j-1.6.1.jar:/Users/yuvraj.rajput/.m2/repository/xml-apis/xml-apis/1.0.b2/xml-apis-1.0.b2.jar:/Users/yuvraj.rajput/.m2/repository/org/seleniumhq/selenium/selenium-server/3.141.59/selenium-server-3.141.59.jar:/Users/yuvraj.rajput/.m2/repository/com/beust/jcommander/1.72/jcommander-1.72.jar:/Users/yuvraj.rajput/.m2/repository/net/jcip/jcip-annotations/1.0/jcip-annotations-1.0.jar:/Users/yuvraj.rajput/.m2/repository/org/seleniumhq/selenium/jetty-repacked/9.4.12.v20180830/jetty-repacked-9.4.12.v20180830.jar:/Users/yuvraj.rajput/.m2/repository/javax/servlet/javax.servlet-api/3.1.0/javax.servlet-api-3.1.0.jar:/Users/yuvraj.rajput/.m2/repository/org/yaml/snakeyaml/1.19/snakeyaml-1.19.jar:/Users/yuvraj.rajput/.m2/repository/org/testng/testng/6.14.3/testng-6.14.3.jar:/Users/yuvraj.rajput/.m2/repository/org/apache-extras/beanshell/bsh/2.0b6/bsh-2.0b6.jar:/Users/yuvraj.rajput/.m2/repository/io/appium/java-client/7.0.0/java-client-7.0.0.jar:/Users/yuvraj.rajput/.m2/repository/com/google/code/gson/gson/2.8.5/gson-2.8.5.jar:/Users/yuvraj.rajput/.m2/repository/org/apache/httpcomponents/httpclient/4.5.6/httpclient-4.5.6.jar:/Users/yuvraj.rajput/.m2/repository/org/apache/httpcomponents/httpcore/4.4.10/httpcore-4.4.10.jar:/Users/yuvraj.rajput/.m2/repository/commons-logging/commons-logging/1.2/commons-logging-1.2.jar:/Users/yuvraj.rajput/.m2/repository/cglib/cglib/3.2.8/cglib-3.2.8.jar:/Users/yuvraj.rajput/.m2/repository/org/ow2/asm/asm/6.2.1/asm-6.2.1.jar:/Users/yuvraj.rajput/.m2/repository/org/apache/ant/ant/1.10.3/ant-1.10.3.jar:/Users/yuvraj.rajput/.m2/repository/org/apache/ant/ant-launcher/1.10.3/ant-launcher-1.10.3.jar:/Users/yuvraj.rajput/.m2/repository/commons-validator/commons-validator/1.6/commons-validator-1.6.jar:/Users/yuvraj.rajput/.m2/repository/commons-beanutils/commons-beanutils/1.9.2/commons-beanutils-1.9.2.jar:/Users/yuvraj.rajput/.m2/repository/commons-digester/commons-digester/1.8.1/commons-digester-1.8.1.jar:/Users/yuvraj.rajput/.m2/repository/commons-collections/commons-collections/3.2.2/commons-collections-3.2.2.jar:/Users/yuvraj.rajput/.m2/repository/org/apache/commons/commons-lang3/3.8/commons-lang3-3.8.jar:/Users/yuvraj.rajput/.m2/repository/commons-io/commons-io/2.6/commons-io-2.6.jar:/Users/yuvraj.rajput/.m2/repository/org/springframework/spring-context/5.1.0.RELEASE/spring-context-5.1.0.RELEASE.jar:/Users/yuvraj.rajput/.m2/repository/org/springframework/spring-aop/5.1.0.RELEASE/spring-aop-5.1.0.RELEASE.jar:/Users/yuvraj.rajput/.m2/repository/org/springframework/spring-beans/5.1.0.RELEASE/spring-beans-5.1.0.RELEASE.jar:/Users/yuvraj.rajput/.m2/repository/org/springframework/spring-core/5.1.0.RELEASE/spring-core-5.1.0.RELEASE.jar:/Users/yuvraj.rajput/.m2/repository/org/springframework/spring-jcl/5.1.0.RELEASE/spring-jcl-5.1.0.RELEASE.jar:/Users/yuvraj.rajput/.m2/repository/org/springframework/spring-expression/5.1.0.RELEASE/spring-expression-5.1.0.RELEASE.jar:/Users/yuvraj.rajput/.m2/repository/org/aspectj/aspectjweaver/1.9.1/aspectjweaver-1.9.1.jar:/Users/yuvraj.rajput/.m2/repository/org/slf4j/slf4j-api/1.7.25/slf4j-api-1.7.25.jar:/Users/yuvraj.rajput/.m2/repository/com/relevantcodes/extentreports/2.41.2/extentreports-2.41.2.jar:/Users/yuvraj.rajput/.m2/repository/org/jsoup/jsoup/1.8.3/jsoup-1.8.3.jar:/Users/yuvraj.rajput/.m2/repository/org/xerial/sqlite-jdbc/3.8.11.1/sqlite-jdbc-3.8.11.1.jar:/Users/yuvraj.rajput/.m2/repository/org/freemarker/freemarker/2.3.23/freemarker-2.3.23.jar:/Users/yuvraj.rajput/.m2/repository/org/mongodb/mongodb-driver/3.0.4/mongodb-driver-3.0.4.jar:/Users/yuvraj.rajput/.m2/repository/org/mongodb/bson/3.0.4/bson-3.0.4.jar:/Users/yuvraj.rajput/.m2/repository/org/mongodb/mongodb-driver-core/3.0.4/mongodb-driver-core-3.0.4.jar:/Users/yuvraj.rajput/.m2/repository/javax/mail/mail/1.4/mail-1.4.jar:/Users/yuvraj.rajput/.m2/repository/javax/activation/activation/1.1/activation-1.1.jar:/Users/yuvraj.rajput/.m2/repository/org/apache/maven/surefire/surefire-testng-utils/2.21.0/surefire-testng-utils-2.21.0.jar:/Users/yuvraj.rajput/.m2/repository/org/apache/maven/surefire/surefire-grouper/2.21.0/surefire-grouper-2.21.0.jar:"/>
    <property name="sun.cpu.endian" value="little"/>
    <property name="user.home" value="/Users/yuvraj.rajput"/>
    <property name="user.language" value="en"/>
    <property name="java.specification.vendor" value="Oracle Corporation"/>
    <property name="java.home" value="/Library/Java/JavaVirtualMachines/jdk1.8.0_192.jdk/Contents/Home/jre"/>
    <property name="basedir" value="/Users/yuvraj.rajput/Desktop/Yuvraj/Simform work/Automation/Learning/Hopscotch/Hopscotch_Keyworddriven"/>
    <property name="file.separator" value="/"/>
    <property name="line.separator" value="&#10;"/>
    <property name="java.vm.specification.vendor" value="Oracle Corporation"/>
    <property name="java.specification.name" value="Java Platform API Specification"/>
    <property name="java.awt.graphicsenv" value="sun.awt.CGraphicsEnvironment"/>
    <property name="surefire.real.class.path" value="/Users/yuvraj.rajput/Desktop/Yuvraj/Simform work/Automation/Learning/Hopscotch/Hopscotch_Keyworddriven/target/surefire/surefirebooter81011440809702913.jar"/>
    <property name="sun.boot.class.path" value="/Library/Java/JavaVirtualMachines/jdk1.8.0_192.jdk/Contents/Home/jre/lib/resources.jar:/Library/Java/JavaVirtualMachines/jdk1.8.0_192.jdk/Contents/Home/jre/lib/rt.jar:/Library/Java/JavaVirtualMachines/jdk1.8.0_192.jdk/Contents/Home/jre/lib/sunrsasign.jar:/Library/Java/JavaVirtualMachines/jdk1.8.0_192.jdk/Contents/Home/jre/lib/jsse.jar:/Library/Java/JavaVirtualMachines/jdk1.8.0_192.jdk/Contents/Home/jre/lib/jce.jar:/Library/Java/JavaVirtualMachines/jdk1.8.0_192.jdk/Contents/Home/jre/lib/charsets.jar:/Library/Java/JavaVirtualMachines/jdk1.8.0_192.jdk/Contents/Home/jre/lib/jfr.jar:/Library/Java/JavaVirtualMachines/jdk1.8.0_192.jdk/Contents/Home/jre/classes"/>
    <property name="sun.management.compiler" value="HotSpot 64-Bit Tiered Compilers"/>
    <property name="ftp.nonProxyHosts" value="local|*.local|169.254/16|*.169.254/16"/>
    <property name="java.runtime.version" value="1.8.0_192-b12"/>
    <property name="user.name" value="yuvraj.rajput"/>
    <property name="path.separator" value=":"/>
    <property name="os.version" value="10.13.6"/>
    <property name="java.endorsed.dirs" value="/Library/Java/JavaVirtualMachines/jdk1.8.0_192.jdk/Contents/Home/jre/lib/endorsed"/>
    <property name="java.runtime.name" value="Java(TM) SE Runtime Environment"/>
    <property name="file.encoding" value="UTF-8"/>
    <property name="java.vm.name" value="Java HotSpot(TM) 64-Bit Server VM"/>
    <property name="localRepository" value="/Users/yuvraj.rajput/.m2/repository"/>
    <property name="java.vendor.url.bug" value="http://bugreport.sun.com/bugreport/"/>
    <property name="java.io.tmpdir" value="/var/folders/wc/h307d9nx7x77mpkzn3sf0l680000gp/T/"/>
    <property name="java.version" value="1.8.0_192"/>
    <property name="user.dir" value="/Users/yuvraj.rajput/Desktop/Yuvraj/Simform work/Automation/Learning/Hopscotch/Hopscotch_Keyworddriven"/>
    <property name="os.arch" value="x86_64"/>
    <property name="java.vm.specification.name" value="Java Virtual Machine Specification"/>
    <property name="java.awt.printerjob" value="sun.lwawt.macosx.CPrinterJob"/>
    <property name="sun.os.patch.level" value="unknown"/>
    <property name="java.library.path" value="/Users/yuvraj.rajput/Library/Java/Extensions:/Library/Java/Extensions:/Network/Library/Java/Extensions:/System/Library/Java/Extensions:/usr/lib/java:."/>
    <property name="java.vm.info" value="mixed mode"/>
    <property name="java.vendor" value="Oracle Corporation"/>
    <property name="java.vm.version" value="25.192-b12"/>
    <property name="java.ext.dirs" value="/Users/yuvraj.rajput/Library/Java/Extensions:/Library/Java/JavaVirtualMachines/jdk1.8.0_192.jdk/Contents/Home/jre/lib/ext:/Library/Java/Extensions:/Network/Library/Java/Extensions:/System/Library/Java/Extensions:/usr/lib/java"/>
    <property name="sun.io.unicode.encoding" value="UnicodeBig"/>
    <property name="java.class.version" value="52.0"/>
    <property name="socksNonProxyHosts" value="local|*.local|169.254/16|*.169.254/16"/>
  </properties>
  <testcase name="applauchTest" classname="clubowner.Clubownerflow" time="12.693"/>
  <testcase name="splashTest" classname="clubowner.Clubownerflow" time="6.563"/>
  <testcase name="clubSignupTest" classname="clubowner.Clubownerflow" time="74.822">
    <failure message="An element could not be located on the page using the given search parameters.&#10;For documentation on this error, please visit: https://www.seleniumhq.org/exceptions/no_such_element.html&#10;Build info: version: &apos;3.141.59&apos;, revision: &apos;e82be7d358&apos;, time: &apos;2018-11-14T08:17:03&apos;&#10;System info: host: &apos;YuvrajR.local&apos;, ip: &apos;fe80:0:0:0:409:84e9:fd2a:336b%en0&apos;, os.name: &apos;Mac OS X&apos;, os.arch: &apos;x86_64&apos;, os.version: &apos;10.13.6&apos;, java.version: &apos;1.8.0_192&apos;&#10;Driver info: io.appium.java_client.ios.IOSDriver&#10;Capabilities {app: /Users/yuvraj.rajput/Deskto..., automationName: XCUITest, browserName: , databaseEnabled: false, deviceName: iPhone 6s Plus (12.2), javascriptEnabled: true, locationContextEnabled: false, networkConnectionEnabled: false, platform: MAC, platformName: iOS, platformVersion: 12.3.1, takesScreenshot: true, udid: F0D1378E-5C99-494E-9C5D-4C7..., webStorageEnabled: false}&#10;Session ID: d9129cf3-ad13-4dc5-8a22-dc6c604b32b9&#10;*** Element info: {Using=name, value=COME BACK LATER}" type="org.openqa.selenium.NoSuchElementException">org.openqa.selenium.NoSuchElementException: 
An element could not be located on the page using the given search parameters.
For documentation on this error, please visit: https://www.seleniumhq.org/exceptions/no_such_element.html
Build info: version: '3.141.59', revision: 'e82be7d358', time: '2018-11-14T08:17:03'
System info: host: 'YuvrajR.local', ip: 'fe80:0:0:0:409:84e9:fd2a:336b%en0', os.name: 'Mac OS X', os.arch: 'x86_64', os.version: '10.13.6', java.version: '1.8.0_192'
Driver info: io.appium.java_client.ios.IOSDriver
Capabilities {app: /Users/yuvraj.rajput/Deskto..., automationName: XCUITest, browserName: , databaseEnabled: false, deviceName: iPhone 6s Plus (12.2), javascriptEnabled: true, locationContextEnabled: false, networkConnectionEnabled: false, platform: MAC, platformName: iOS, platformVersion: 12.3.1, takesScreenshot: true, udid: F0D1378E-5C99-494E-9C5D-4C7..., webStorageEnabled: false}
Session ID: d9129cf3-ad13-4dc5-8a22-dc6c604b32b9
*** Element info: {Using=name, value=COME BACK LATER}
	at clubowner.Clubownerflow.clubSignupTest(Clubownerflow.java:37)
</failure>
    <system-out><![CDATA[Into club SignUP
]]></system-out>
  </testcase>
  <testcase name="clubApproveTest" classname="clubowner.Clubownerflow" time="17.441">
    <failure type="java.lang.NullPointerException">java.lang.NullPointerException
	at clubowner.Clubownerflow.clubApproveTest(Clubownerflow.java:45)
</failure>
    <system-out><![CDATA[Into club Approve
Club Approved
]]></system-out>
    <system-err><![CDATA[Starting ChromeDriver 76.0.3809.68 (420c9498db8ce8fcd190a954d51297672c1515d5-refs/branch-heads/3809@{#864}) on port 36749
Only local connections are allowed.
Please protect ports used by ChromeDriver and related test frameworks to prevent access by malicious code.
Aug 14, 2019 6:50:16 PM org.openqa.selenium.remote.ProtocolHandshake createSession
INFO: Detected dialect: W3C
]]></system-err>
  </testcase>
  <testcase name="clubLoginTest" classname="clubowner.Clubownerflow" time="13.582">
    <failure message="An element could not be located on the page using the given search parameters.&#10;For documentation on this error, please visit: https://www.seleniumhq.org/exceptions/no_such_element.html&#10;Build info: version: &apos;3.141.59&apos;, revision: &apos;e82be7d358&apos;, time: &apos;2018-11-14T08:17:03&apos;&#10;System info: host: &apos;YuvrajR.local&apos;, ip: &apos;fe80:0:0:0:409:84e9:fd2a:336b%en0&apos;, os.name: &apos;Mac OS X&apos;, os.arch: &apos;x86_64&apos;, os.version: &apos;10.13.6&apos;, java.version: &apos;1.8.0_192&apos;&#10;Driver info: io.appium.java_client.ios.IOSDriver&#10;Capabilities {app: /Users/yuvraj.rajput/Deskto..., automationName: XCUITest, browserName: , databaseEnabled: false, deviceName: iPhone 6s Plus (12.2), javascriptEnabled: true, locationContextEnabled: false, networkConnectionEnabled: false, platform: MAC, platformName: iOS, platformVersion: 12.3.1, takesScreenshot: true, udid: F0D1378E-5C99-494E-9C5D-4C7..., webStorageEnabled: false}&#10;Session ID: d9129cf3-ad13-4dc5-8a22-dc6c604b32b9&#10;*** Element info: {Using=accessibility id, value=SIGN IN}" type="org.openqa.selenium.NoSuchElementException">org.openqa.selenium.NoSuchElementException: 
An element could not be located on the page using the given search parameters.
For documentation on this error, please visit: https://www.seleniumhq.org/exceptions/no_such_element.html
Build info: version: '3.141.59', revision: 'e82be7d358', time: '2018-11-14T08:17:03'
System info: host: 'YuvrajR.local', ip: 'fe80:0:0:0:409:84e9:fd2a:336b%en0', os.name: 'Mac OS X', os.arch: 'x86_64', os.version: '10.13.6', java.version: '1.8.0_192'
Driver info: io.appium.java_client.ios.IOSDriver
Capabilities {app: /Users/yuvraj.rajput/Deskto..., automationName: XCUITest, browserName: , databaseEnabled: false, deviceName: iPhone 6s Plus (12.2), javascriptEnabled: true, locationContextEnabled: false, networkConnectionEnabled: false, platform: MAC, platformName: iOS, platformVersion: 12.3.1, takesScreenshot: true, udid: F0D1378E-5C99-494E-9C5D-4C7..., webStorageEnabled: false}
Session ID: d9129cf3-ad13-4dc5-8a22-dc6c604b32b9
*** Element info: {Using=accessibility id, value=SIGN IN}
	at clubowner.Clubownerflow.clubLoginTest(Clubownerflow.java:56)
</failure>
    <system-out><![CDATA[Into club LoginTest
]]></system-out>
  </testcase>
  <testcase name="createPasscodeTest" classname="clubowner.Clubownerflow" time="10.035">
    <failure message="An element could not be located on the page using the given search parameters.&#10;For documentation on this error, please visit: https://www.seleniumhq.org/exceptions/no_such_element.html&#10;Build info: version: &apos;3.141.59&apos;, revision: &apos;e82be7d358&apos;, time: &apos;2018-11-14T08:17:03&apos;&#10;System info: host: &apos;YuvrajR.local&apos;, ip: &apos;fe80:0:0:0:409:84e9:fd2a:336b%en0&apos;, os.name: &apos;Mac OS X&apos;, os.arch: &apos;x86_64&apos;, os.version: &apos;10.13.6&apos;, java.version: &apos;1.8.0_192&apos;&#10;Driver info: io.appium.java_client.ios.IOSDriver&#10;Capabilities {app: /Users/yuvraj.rajput/Deskto..., automationName: XCUITest, browserName: , databaseEnabled: false, deviceName: iPhone 6s Plus (12.2), javascriptEnabled: true, locationContextEnabled: false, networkConnectionEnabled: false, platform: MAC, platformName: iOS, platformVersion: 12.3.1, takesScreenshot: true, udid: F0D1378E-5C99-494E-9C5D-4C7..., webStorageEnabled: false}&#10;Session ID: d9129cf3-ad13-4dc5-8a22-dc6c604b32b9&#10;*** Element info: {Using=accessibility id, value=createpasscode}" type="org.openqa.selenium.NoSuchElementException">org.openqa.selenium.NoSuchElementException: 
An element could not be located on the page using the given search parameters.
For documentation on this error, please visit: https://www.seleniumhq.org/exceptions/no_such_element.html
Build info: version: '3.141.59', revision: 'e82be7d358', time: '2018-11-14T08:17:03'
System info: host: 'YuvrajR.local', ip: 'fe80:0:0:0:409:84e9:fd2a:336b%en0', os.name: 'Mac OS X', os.arch: 'x86_64', os.version: '10.13.6', java.version: '1.8.0_192'
Driver info: io.appium.java_client.ios.IOSDriver
Capabilities {app: /Users/yuvraj.rajput/Deskto..., automationName: XCUITest, browserName: , databaseEnabled: false, deviceName: iPhone 6s Plus (12.2), javascriptEnabled: true, locationContextEnabled: false, networkConnectionEnabled: false, platform: MAC, platformName: iOS, platformVersion: 12.3.1, takesScreenshot: true, udid: F0D1378E-5C99-494E-9C5D-4C7..., webStorageEnabled: false}
Session ID: d9129cf3-ad13-4dc5-8a22-dc6c604b32b9
*** Element info: {Using=accessibility id, value=createpasscode}
	at clubowner.Clubownerflow.createPasscodeTest(Clubownerflow.java:63)
</failure>
    <system-out><![CDATA[Into create Passcode
]]></system-out>
  </testcase>
  <testcase name="createEventTest" classname="clubowner.Clubownerflow" time="21.044">
    <failure message="Expected condition failed: waiting for visibility of element located by By.AccessibilityId: tonight (tried for 15 second(s) with 500 milliseconds interval)" type="org.openqa.selenium.TimeoutException">org.openqa.selenium.TimeoutException: Expected condition failed: waiting for visibility of element located by By.AccessibilityId: tonight (tried for 15 second(s) with 500 milliseconds interval)
	at clubowner.Clubownerflow.createEventTest(Clubownerflow.java:71)
Caused by: org.openqa.selenium.NoSuchElementException: 
An element could not be located on the page using the given search parameters.
For documentation on this error, please visit: https://www.seleniumhq.org/exceptions/no_such_element.html
Build info: version: '3.141.59', revision: 'e82be7d358', time: '2018-11-14T08:17:03'
System info: host: 'YuvrajR.local', ip: 'fe80:0:0:0:409:84e9:fd2a:336b%en0', os.name: 'Mac OS X', os.arch: 'x86_64', os.version: '10.13.6', java.version: '1.8.0_192'
Driver info: io.appium.java_client.ios.IOSDriver
Capabilities {app: /Users/yuvraj.rajput/Deskto..., automationName: XCUITest, browserName: , databaseEnabled: false, deviceName: iPhone 6s Plus (12.2), javascriptEnabled: true, locationContextEnabled: false, networkConnectionEnabled: false, platform: MAC, platformName: iOS, platformVersion: 12.3.1, takesScreenshot: true, udid: F0D1378E-5C99-494E-9C5D-4C7..., webStorageEnabled: false}
Session ID: d9129cf3-ad13-4dc5-8a22-dc6c604b32b9
*** Element info: {Using=accessibility id, value=tonight}
	at clubowner.Clubownerflow.createEventTest(Clubownerflow.java:71)
</failure>
    <system-out><![CDATA[Into create Event
]]></system-out>
  </testcase>
</testsuite>